# JRE version: Java(TM) SE Runtime Environment (8.0_181-b13) (build 1.8.0_181-b13)
# Java VM: Java HotSpot(TM) 64-Bit Server VM (25.181-b13 mixed mode windows-amd64 compressed oops)
Heap:
 PSYoungGen      total 232960K, used 149947K [0x000000076b400000, 0x0000000783800000, 0x00000007c0000000)
  eden space 216576K, 69% used [0x000000076b400000,0x000000077466edb8,0x0000000778780000)
  from space 16384K, 0% used [0x0000000778780000,0x0000000778780000,0x0000000779780000)
  to   space 19968K, 0% used [0x0000000782480000,0x0000000782480000,0x0000000783800000)
 ParOldGen       total 150016K, used 26128K [0x00000006c1c00000, 0x00000006cae80000, 0x000000076b400000)
  object space 150016K, 17% used [0x00000006c1c00000,0x00000006c35841c0,0x00000006cae80000)
 Metaspace       used 39628K, capacity 40020K, committed 40448K, reserved 1085440K
  class space    used 4967K, capacity 5069K, committed 5120K, reserved 1048576K
GC Heap History (10 events):
Event: 2.650 GC heap before
{Heap before GC invocations=5 (full 1):
 PSYoungGen      total 141824K, used 7656K [0x000000076b400000, 0x0000000774900000, 0x00000007c0000000)
  eden space 131072K, 0% used [0x000000076b400000,0x000000076b400000,0x0000000773400000)
  from space 10752K, 71% used [0x0000000773e80000,0x00000007745fa1e8,0x0000000774900000)
  to   space 10752K, 0% used [0x0000000773400000,0x0000000773400000,0x0000000773e80000)
 ParOldGen       total 175104K, used 112K [0x00000006c1c00000, 0x00000006cc700000, 0x000000076b400000)
  object space 175104K, 0% used [0x00000006c1c00000,0x00000006c1c1c010,0x00000006cc700000)
 Metaspace       used 20848K, capacity 21110K, committed 21296K, reserved 1069056K
  class space    used 2555K, capacity 2636K, committed 2688K, reserved 1048576K
Event: 2.680 GC heap after
Heap after GC invocations=5 (full 1):
 PSYoungGen      total 141824K, used 0K [0x000000076b400000, 0x0000000774900000, 0x00000007c0000000)
  eden space 131072K, 0% used [0x000000076b400000,0x000000076b400000,0x0000000773400000)
  from space 10752K, 0% used [0x0000000773e80000,0x0000000773e80000,0x0000000774900000)
  to   space 10752K, 0% used [0x0000000773400000,0x0000000773400000,0x0000000773e80000)
 ParOldGen       total 91648K, used 7575K [0x00000006c1c00000, 0x00000006c7580000, 0x000000076b400000)
  object space 91648K, 8% used [0x00000006c1c00000,0x00000006c2365d98,0x00000006c7580000)
 Metaspace       used 20848K, capacity 21110K, committed 21296K, reserved 1069056K
  class space    used 2555K, capacity 2636K, committed 2688K, reserved 1048576K
}
Event: 4.473 GC heap before
{Heap before GC invocations=6 (full 1):
 PSYoungGen      total 141824K, used 131072K [0x000000076b400000, 0x0000000774900000, 0x00000007c0000000)
  eden space 131072K, 100% used [0x000000076b400000,0x0000000773400000,0x0000000773400000)
  from space 10752K, 0% used [0x0000000773e80000,0x0000000773e80000,0x0000000774900000)
  to   space 10752K, 0% used [0x0000000773400000,0x0000000773400000,0x0000000773e80000)
 ParOldGen       total 91648K, used 7575K [0x00000006c1c00000, 0x00000006c7580000, 0x000000076b400000)
  object space 91648K, 8% used [0x00000006c1c00000,0x00000006c2365d98,0x00000006c7580000)
 Metaspace       used 28714K, capacity 29050K, committed 29312K, reserved 1075200K
  class space    used 3591K, capacity 3698K, committed 3712K, reserved 1048576K
Event: 4.483 GC heap after
Heap after GC invocations=6 (full 1):
 PSYoungGen      total 141824K, used 10728K [0x000000076b400000, 0x000000077a500000, 0x00000007c0000000)
  eden space 131072K, 0% used [0x000000076b400000,0x000000076b400000,0x0000000773400000)
  from space 10752K, 99% used [0x0000000773400000,0x0000000773e7a180,0x0000000773e80000)
  to   space 13824K, 0% used [0x0000000779780000,0x0000000779780000,0x000000077a500000)
 ParOldGen       total 91648K, used 10543K [0x00000006c1c00000, 0x00000006c7580000, 0x000000076b400000)
  object space 91648K, 11% used [0x00000006c1c00000,0x00000006c264bc48,0x00000006c7580000)
 Metaspace       used 28714K, capacity 29050K, committed 29312K, reserved 1075200K
  class space    used 3591K, capacity 3698K, committed 3712K, reserved 1048576K
}
Event: 5.700 GC heap before
{Heap before GC invocations=7 (full 1):
 PSYoungGen      total 141824K, used 141800K [0x000000076b400000, 0x000000077a500000, 0x00000007c0000000)
  eden space 131072K, 100% used [0x000000076b400000,0x0000000773400000,0x0000000773400000)
  from space 10752K, 99% used [0x0000000773400000,0x0000000773e7a180,0x0000000773e80000)
  to   space 13824K, 0% used [0x0000000779780000,0x0000000779780000,0x000000077a500000)
 ParOldGen       total 91648K, used 10543K [0x00000006c1c00000, 0x00000006c7580000, 0x000000076b400000)
  object space 91648K, 11% used [0x00000006c1c00000,0x00000006c264bc48,0x00000006c7580000)
 Metaspace       used 31943K, capacity 32344K, committed 32640K, reserved 1077248K
  class space    used 4018K, capacity 4135K, committed 4224K, reserved 1048576K
Event: 5.720 GC heap after
Heap after GC invocations=7 (full 1):
 PSYoungGen      total 230400K, used 13818K [0x000000076b400000, 0x000000077a800000, 0x00000007c0000000)
  eden space 216576K, 0% used [0x000000076b400000,0x000000076b400000,0x0000000778780000)
  from space 13824K, 99% used [0x0000000779780000,0x000000077a4fead0,0x000000077a500000)
  to   space 16384K, 0% used [0x0000000778780000,0x0000000778780000,0x0000000779780000)
 ParOldGen       total 91648K, used 12392K [0x00000006c1c00000, 0x00000006c7580000, 0x000000076b400000)
  object space 91648K, 13% used [0x00000006c1c00000,0x00000006c281a308,0x00000006c7580000)
 Metaspace       used 31943K, capacity 32344K, committed 32640K, reserved 1077248K
  class space    used 4018K, capacity 4135K, committed 4224K, reserved 1048576K
}
Event: 7.104 GC heap before
{Heap before GC invocations=8 (full 1):
 PSYoungGen      total 230400K, used 146903K [0x000000076b400000, 0x000000077a800000, 0x00000007c0000000)
  eden space 216576K, 61% used [0x000000076b400000,0x00000007735f74e8,0x0000000778780000)
  from space 13824K, 99% used [0x0000000779780000,0x000000077a4fead0,0x000000077a500000)
  to   space 16384K, 0% used [0x0000000778780000,0x0000000778780000,0x0000000779780000)
 ParOldGen       total 91648K, used 12392K [0x00000006c1c00000, 0x00000006c7580000, 0x000000076b400000)
  object space 91648K, 13% used [0x00000006c1c00000,0x00000006c281a308,0x00000006c7580000)
 Metaspace       used 34851K, capacity 35204K, committed 35496K, reserved 1081344K
  class space    used 4407K, capacity 4489K, committed 4608K, reserved 1048576K
Event: 7.132 GC heap after
Heap after GC invocations=8 (full 1):
 PSYoungGen      total 232960K, used 16364K [0x000000076b400000, 0x0000000783800000, 0x00000007c0000000)
  eden space 216576K, 0% used [0x000000076b400000,0x000000076b400000,0x0000000778780000)
  from space 16384K, 99% used [0x0000000778780000,0x000000077977b2d0,0x0000000779780000)
  to   space 19968K, 0% used [0x0000000782480000,0x0000000782480000,0x0000000783800000)
 ParOldGen       total 91648K, used 15273K [0x00000006c1c00000, 0x00000006c7580000, 0x000000076b400000)
  object space 91648K, 16% used [0x00000006c1c00000,0x00000006c2aea610,0x00000006c7580000)
 Metaspace       used 34851K, capacity 35204K, committed 35496K, reserved 1081344K
  class space    used 4407K, capacity 4489K, committed 4608K, reserved 1048576K
}
Event: 7.132 GC heap before
{Heap before GC invocations=9 (full 2):
 PSYoungGen      total 232960K, used 16364K [0x000000076b400000, 0x0000000783800000, 0x00000007c0000000)
  eden space 216576K, 0% used [0x000000076b400000,0x000000076b400000,0x0000000778780000)
  from space 16384K, 99% used [0x0000000778780000,0x000000077977b2d0,0x0000000779780000)
  to   space 19968K, 0% used [0x0000000782480000,0x0000000782480000,0x0000000783800000)
 ParOldGen       total 91648K, used 15273K [0x00000006c1c00000, 0x00000006c7580000, 0x000000076b400000)
  object space 91648K, 16% used [0x00000006c1c00000,0x00000006c2aea610,0x00000006c7580000)
 Metaspace       used 34851K, capacity 35204K, committed 35496K, reserved 1081344K
  class space    used 4407K, capacity 4489K, committed 4608K, reserved 1048576K
Event: 7.223 GC heap after
Heap after GC invocations=9 (full 2):
 PSYoungGen      total 232960K, used 0K [0x000000076b400000, 0x0000000783800000, 0x00000007c0000000)
  eden space 216576K, 0% used [0x000000076b400000,0x000000076b400000,0x0000000778780000)
  from space 16384K, 0% used [0x0000000778780000,0x0000000778780000,0x0000000779780000)
  to   space 19968K, 0% used [0x0000000782480000,0x0000000782480000,0x0000000783800000)
 ParOldGen       total 150016K, used 26128K [0x00000006c1c00000, 0x00000006cae80000, 0x000000076b400000)
  object space 150016K, 17% used [0x00000006c1c00000,0x00000006c35841c0,0x00000006cae80000)
 Metaspace       used 34851K, capacity 35204K, committed 35496K, reserved 1081344K
  class space    used 4407K, capacity 4489K, committed 4608K, reserved 1048576K
}

